<?xml version="1.0" encoding="UTF-8"?>
<testsuite name="TestSuite" time="5.371" tests="6" errors="0" skipped="0" failures="1">
  <properties>
[...]
</properties>
  <testcase name="addNewPayee" classname="tests.AddNewPayee" time="0.714"/>
  <testcase name="addNewPayee" classname="tests.AddNewPayee" time="0.118"/>
  <testcase name="addNewPayee" classname="tests.AddNewPayee" time="0.11"/>
  <testcase name="addNewPayee" classname="tests.AddNewPayee" time="0.111"/>
  <testcase name="test02" classname="tests.AddNewPayee" time="0.008">
    <failure message="expected [2] but found [1]" type="java.lang.AssertionError">java.lang.AssertionError: expected [2] but found [1]
	at org.testng.Assert.fail(Assert.java:96)
	at org.testng.Assert.failNotEquals(Assert.java:776)
	at org.testng.Assert.assertEqualsImpl(Assert.java:137)
	at org.testng.Assert.assertEquals(Assert.java:118)
	at org.testng.Assert.assertEquals(Assert.java:652)
	at org.testng.Assert.assertEquals(Assert.java:662)
	at tests.AddNewPayee.test02(AddNewPayee.java:58)
</failure>
  </testcase>
  <testcase name="f" classname="tests.MediaLinksVerfication" time="4.31"/>
</testsuite>